
Modules based on Lua: Version 7.7.10  2017-10-20 14:13 -05:00
    by Robert McLay mclay@tacc.utexas.edu

module [options] sub-command [args ...]

Help sub-commands:
------------------
  help                              prints this message
  help                module [...]  print help message from module(s)

Loading/Unloading sub-commands:
-------------------------------
  load | add          module [...]  load module(s)
  try-load | try-add  module [...]  Add module(s), do not complain if not
                                    found
  del | unload        module [...]  Remove module(s), do not complain if not
                                    found
  swap | sw | switch  m1 m2         unload m1 and load m2
  purge                             unload all modules
  refresh                           reload aliases from current list of
                                    modules.
  update                            reload all currently loaded modules.

Listing / Searching sub-commands:
---------------------------------
  list                              List loaded modules
  list                s1 s2 ...     List loaded modules that match the
                                    pattern
  avail | av                        List available modules
  avail | av          string        List available modules that contain
                                    "string".
  spider                            List all possible modules
  spider              module        List all possible version of that module
                                    file
  spider              string        List all module that contain the
                                    "string".
  spider              name/version  Detailed information about that version
                                    of the module.
  whatis              module        Print whatis information about module
  keyword | key       string        Search all name and whatis that contain
                                    "string".

Searching with Lmod:
--------------------
  All searching (spider, list, avail, keyword) support regular expressions:
  

  -r spider           '^p'          Finds all the modules that start with
                                    `p' or `P'
  -r spider           mpi           Finds all modules that have "mpi" in
                                    their name.
  -r spider           'mpi$         Finds all modules that end with "mpi" in
                                    their name.

Handling a collection of modules:
--------------------------------
  save | s                          Save the current list of modules to a
                                    user defined "default" collection.
  save | s            name          Save the current list of modules to
                                    "name" collection.
  reset                             The same as "restore system"
  restore | r                       Restore modules from the user's
                                    "default" or system default.
  restore | r         name          Restore modules from "name" collection.
  restore             system        Restore module state to system defaults.
  savelist                          List of saved collections.
  describe | mcc      name          Describe the contents of a module
                                    collection.
  disable             name          Disable a collection.

Deprecated commands:
--------------------
  getdefault          [name]        load name collection of modules or
                                    user's "default" if no name given.
                                    ===> Use "restore" instead <====
  setdefault          [name]        Save current list of modules to name if
                                    given, otherwise save as the default
                                    list for you the user.
                                    ===> Use "save" instead. <====

Miscellaneous sub-commands:
---------------------------
  show                modulefile    show the commands in the module file.
  use [-a]            path          Prepend or Append path to MODULEPATH.
  unuse               path          remove path from MODULEPATH.
  tablelist                         output list of active modules as a lua
                                    table.

Important Environment Variables:
--------------------------------
  LMOD_COLORIZE                     If defined to be "YES" then Lmod prints
                                    properties and warning in color.

    --------------------------------------------------------------------------

Lmod Web Sites

  Documentation:    http://lmod.readthedocs.org
  Github:           https://github.com/TACC/Lmod
  Sourceforge:      https://lmod.sf.net
  TACC Homepage:    https://www.tacc.utexas.edu/research-development/tacc-projects/lmod

  To report a bug please read http://lmod.readthedocs.io/en/latest/075_bug_reporting.html
    --------------------------------------------------------------------------


        Preparing the environment for use of requested stage ( 2019a ).
     
Using TensorFlow backend.
WARNING:tensorflow:From /usr/local/software/jureca/Stages/2019a/software/TensorFlow/1.13.1-GCCcore-8.3.0-GPU-Python-3.6.8/lib/python3.6/site-packages/tensorflow/python/framework/op_def_library.py:263: colocate_with (from tensorflow.python.framework.ops) is deprecated and will be removed in a future version.
Instructions for updating:
Colocations handled automatically by placer.
2019-10-28 14:18:09.935721: I tensorflow/core/platform/profile_utils/cpu_utils.cc:94] CPU Frequency: 2494155000 Hz
2019-10-28 14:18:09.935848: I tensorflow/compiler/xla/service/service.cc:150] XLA service 0x37ccae0 executing computations on platform Host. Devices:
2019-10-28 14:18:09.935865: I tensorflow/compiler/xla/service/service.cc:158]   StreamExecutor device (0): <undefined>, <undefined>
2019-10-28 14:18:10.484048: I tensorflow/compiler/xla/service/service.cc:150] XLA service 0x388f6b0 executing computations on platform CUDA. Devices:
2019-10-28 14:18:10.484076: I tensorflow/compiler/xla/service/service.cc:158]   StreamExecutor device (0): Tesla K80, Compute Capability 3.7
2019-10-28 14:18:10.484083: I tensorflow/compiler/xla/service/service.cc:158]   StreamExecutor device (1): Tesla K80, Compute Capability 3.7
2019-10-28 14:18:10.484088: I tensorflow/compiler/xla/service/service.cc:158]   StreamExecutor device (2): Tesla K80, Compute Capability 3.7
2019-10-28 14:18:10.484094: I tensorflow/compiler/xla/service/service.cc:158]   StreamExecutor device (3): Tesla K80, Compute Capability 3.7
2019-10-28 14:18:10.485389: I tensorflow/core/common_runtime/gpu/gpu_device.cc:1433] Found device 0 with properties: 
name: Tesla K80 major: 3 minor: 7 memoryClockRate(GHz): 0.8235
pciBusID: 0000:06:00.0
totalMemory: 11.17GiB freeMemory: 11.10GiB
2019-10-28 14:18:10.485517: I tensorflow/core/common_runtime/gpu/gpu_device.cc:1433] Found device 1 with properties: 
name: Tesla K80 major: 3 minor: 7 memoryClockRate(GHz): 0.8235
pciBusID: 0000:07:00.0
totalMemory: 11.17GiB freeMemory: 11.10GiB
2019-10-28 14:18:10.485616: I tensorflow/core/common_runtime/gpu/gpu_device.cc:1433] Found device 2 with properties: 
name: Tesla K80 major: 3 minor: 7 memoryClockRate(GHz): 0.8235
pciBusID: 0000:86:00.0
totalMemory: 11.17GiB freeMemory: 11.10GiB
2019-10-28 14:18:10.485711: I tensorflow/core/common_runtime/gpu/gpu_device.cc:1433] Found device 3 with properties: 
name: Tesla K80 major: 3 minor: 7 memoryClockRate(GHz): 0.8235
pciBusID: 0000:87:00.0
totalMemory: 11.17GiB freeMemory: 11.10GiB
2019-10-28 14:18:10.486402: I tensorflow/core/common_runtime/gpu/gpu_device.cc:1512] Adding visible gpu devices: 0, 1, 2, 3
2019-10-28 14:18:11.757484: I tensorflow/core/common_runtime/gpu/gpu_device.cc:984] Device interconnect StreamExecutor with strength 1 edge matrix:
2019-10-28 14:18:11.757525: I tensorflow/core/common_runtime/gpu/gpu_device.cc:990]      0 1 2 3 
2019-10-28 14:18:11.757532: I tensorflow/core/common_runtime/gpu/gpu_device.cc:1003] 0:   N Y N N 
2019-10-28 14:18:11.757538: I tensorflow/core/common_runtime/gpu/gpu_device.cc:1003] 1:   Y N N N 
2019-10-28 14:18:11.757542: I tensorflow/core/common_runtime/gpu/gpu_device.cc:1003] 2:   N N N Y 
2019-10-28 14:18:11.757547: I tensorflow/core/common_runtime/gpu/gpu_device.cc:1003] 3:   N N Y N 
2019-10-28 14:18:11.757999: I tensorflow/core/common_runtime/gpu/gpu_device.cc:1115] Created TensorFlow device (/job:localhost/replica:0/task:0/device:GPU:0 with 10755 MB memory) -> physical GPU (device: 0, name: Tesla K80, pci bus id: 0000:06:00.0, compute capability: 3.7)
2019-10-28 14:18:11.758282: I tensorflow/core/common_runtime/gpu/gpu_device.cc:1115] Created TensorFlow device (/job:localhost/replica:0/task:0/device:GPU:1 with 10755 MB memory) -> physical GPU (device: 1, name: Tesla K80, pci bus id: 0000:07:00.0, compute capability: 3.7)
2019-10-28 14:18:11.758583: I tensorflow/core/common_runtime/gpu/gpu_device.cc:1115] Created TensorFlow device (/job:localhost/replica:0/task:0/device:GPU:2 with 10755 MB memory) -> physical GPU (device: 2, name: Tesla K80, pci bus id: 0000:86:00.0, compute capability: 3.7)
2019-10-28 14:18:11.758904: I tensorflow/core/common_runtime/gpu/gpu_device.cc:1115] Created TensorFlow device (/job:localhost/replica:0/task:0/device:GPU:3 with 10755 MB memory) -> physical GPU (device: 3, name: Tesla K80, pci bus id: 0000:87:00.0, compute capability: 3.7)
2019-10-28 14:18:11.759371: I tensorflow/core/common_runtime/process_util.cc:71] Creating new thread pool with default inter op setting: 2. Tune using inter_op_parallelism_threads for best performance.
WARNING:tensorflow:From /usr/local/software/jureca/Stages/2019a/software/TensorFlow/1.13.1-GCCcore-8.3.0-GPU-Python-3.6.8/lib/python3.6/site-packages/tensorflow/python/ops/math_ops.py:3066: to_int32 (from tensorflow.python.ops.math_ops) is deprecated and will be removed in a future version.
Instructions for updating:
Use tf.cast instead.
2019-10-28 14:18:22.918470: E tensorflow/core/grappler/optimizers/dependency_optimizer.cc:704] Iteration = 0, topological sort failed with message: The graph couldn't be sorted in topological order.
2019-10-28 14:18:22.940501: E tensorflow/core/grappler/optimizers/dependency_optimizer.cc:704] Iteration = 1, topological sort failed with message: The graph couldn't be sorted in topological order.
2019-10-28 14:18:25.831682: I tensorflow/stream_executor/dso_loader.cc:152] successfully opened CUDA library libcublas.so.10 locally
2019-10-28 14:18:30.601240: W tensorflow/core/common_runtime/bfc_allocator.cc:211] Allocator (GPU_0_bfc) ran out of memory trying to allocate 1.32GiB. The caller indicates that this is not a failure, but may mean that there could be performance gains if more memory were available.
2019-10-28 14:18:31.050546: W tensorflow/core/common_runtime/bfc_allocator.cc:211] Allocator (GPU_0_bfc) ran out of memory trying to allocate 1.52GiB. The caller indicates that this is not a failure, but may mean that there could be performance gains if more memory were available.
2019-10-28 14:18:31.122861: W tensorflow/core/common_runtime/bfc_allocator.cc:211] Allocator (GPU_0_bfc) ran out of memory trying to allocate 1.44GiB. The caller indicates that this is not a failure, but may mean that there could be performance gains if more memory were available.
2019-10-28 14:18:31.241620: W tensorflow/core/common_runtime/bfc_allocator.cc:211] Allocator (GPU_0_bfc) ran out of memory trying to allocate 1.50GiB. The caller indicates that this is not a failure, but may mean that there could be performance gains if more memory were available.
2019-10-28 14:18:31.311225: W tensorflow/core/common_runtime/bfc_allocator.cc:211] Allocator (GPU_0_bfc) ran out of memory trying to allocate 1.46GiB. The caller indicates that this is not a failure, but may mean that there could be performance gains if more memory were available.
2019-10-28 14:20:53.579156: E tensorflow/core/grappler/optimizers/dependency_optimizer.cc:704] Iteration = 0, topological sort failed with message: The graph couldn't be sorted in topological order.
2019-10-28 14:20:53.581837: E tensorflow/core/grappler/optimizers/dependency_optimizer.cc:704] Iteration = 1, topological sort failed with message: The graph couldn't be sorted in topological order.
