2019-12-03 11:12:41,493:INFO: === PyStager is started === 
2019-12-03 11:12:41,495:INFO:==== Directory scanner : start ====
2019-12-03 11:13:34,506:INFO: === PyStager is started === 
2019-12-03 11:13:34,506:INFO:==== Directory scanner : start ====
2019-12-03 11:13:34,525:INFO:=== Directory Scanner output ===
2019-12-03 11:13:34,525:INFO:Total size of the source directory is:6.0Gb.
2019-12-03 11:13:34,525:INFO:Total number of the files in the source directory is: 7
2019-12-03 11:13:34,525:INFO:Total number of the directories  in the source directory is: 2
2019-12-03 11:13:34,525:INFO:==== Directory scanner : end ====
2019-12-03 11:13:34,525:INFO:==== Data Structure Builder : start  ====
2019-12-03 11:13:34,525:INFO:The destination path exists
2019-12-03 11:13:34,525:INFO:Load Level = 0 : Data Sctructure will be build
2019-12-03 11:13:34,531:INFO:Folder_number_1 is created 
2019-12-03 11:13:34,533:INFO:Folder_number_2 is created 
2019-12-03 11:13:34,533:INFO:==== Data Structure Builder : end  ====
2019-12-03 11:13:34,533:INFO:==== Load Distribution  : start  ====
2019-12-03 11:13:34,533:INFO:{1: None, 2: None, 3: None, 4: None, 5: None}
2019-12-03 11:13:34,533:INFO:{1: 'Folder_number_1', 2: 'Folder_number_2', 3: None, 4: None, 5: None}
2019-12-03 11:13:34,533:INFO:{1: 'Folder_number_1', 2: 'Folder_number_2', 3: None, 4: None, 5: None}
2019-12-03 11:13:34,534:INFO:==== Load Distribution  : end  ====
2019-12-03 11:13:34,534:INFO:==== Master Communication  : start  ====
2019-12-03 11:13:34,534:WARNING:('Node', '5', 'is idle')
2019-12-03 11:13:34,534:WARNING:('Node', '4', 'is idle')
2019-12-03 11:13:34,566:WARNING:('Node', '3', 'is idle')
2019-12-03 11:14:35,388:INFO:('Node:', '1', 'finished :', 'rsync -r /home/amirpasha/Move_test/Source/Folder_number_1/ /home/amirpasha/Move_test/Receiver/Folder_number_1', '\r\n')
2019-12-03 11:14:36,596:INFO:('Node:', '2', 'finished :', 'rsync -r /home/amirpasha/Move_test/Source/Folder_number_2/ /home/amirpasha/Move_test/Receiver/Folder_number_2', '\r\n')
2019-12-03 11:14:36,596:DEBUG:62.0904419422
2019-12-03 11:14:36,597:INFO:==== PyStager is done ====
2019-12-03 11:14:36,597:INFO:exit status : 0
2019-12-03 11:16:22,326:INFO: === PyStager is started === 
2019-12-03 11:16:22,326:INFO:==== Directory scanner : start ====
2019-12-03 11:16:22,337:INFO:=== Directory Scanner output ===
2019-12-03 11:16:22,337:INFO:Total size of the source directory is:6.0Gb.
2019-12-03 11:16:22,337:INFO:Total number of the files in the source directory is: 7
2019-12-03 11:16:22,337:INFO:Total number of the directories  in the source directory is: 2
2019-12-03 11:16:22,337:INFO:==== Directory scanner : end ====
2019-12-03 11:16:22,337:INFO:==== Data Structure Builder : start  ====
2019-12-03 11:16:22,337:INFO:The destination path exists
2019-12-03 11:16:22,337:INFO:Load Level = 0 : Data Sctructure will be build
2019-12-03 11:16:22,341:INFO:Folder_number_1 is created 
2019-12-03 11:16:22,344:INFO:Folder_number_2 is created 
2019-12-03 11:16:22,344:INFO:==== Data Structure Builder : end  ====
2019-12-03 11:16:22,344:INFO:==== Load Distribution  : start  ====
2019-12-03 11:16:22,344:INFO:{1: None, 2: None, 3: None, 4: None, 5: None}
2019-12-03 11:16:22,344:INFO:{1: 'Folder_number_1', 2: 'Folder_number_2', 3: None, 4: None, 5: None}
2019-12-03 11:16:22,344:INFO:{1: 'Folder_number_1', 2: 'Folder_number_2', 3: None, 4: None, 5: None}
2019-12-03 11:16:22,344:INFO:==== Load Distribution  : end  ====
2019-12-03 11:16:22,344:INFO:==== Master Communication  : start  ====
2019-12-03 11:16:22,344:WARNING:('Node', '5', 'is idle')
2019-12-03 11:16:22,346:WARNING:('Node', '3', 'is idle')
2019-12-03 11:16:22,369:WARNING:('Node', '4', 'is idle')
2019-12-03 11:16:52,187:INFO:('Node:', '2', 'finished :', 'rsync -r /home/amirpasha/Move_test/Source/Folder_number_2/ /home/amirpasha/Move_test/Receiver/Folder_number_2', '\r\n')
2019-12-03 11:16:52,640:INFO:('Node:', '1', 'finished :', 'rsync -r /home/amirpasha/Move_test/Source/Folder_number_1/ /home/amirpasha/Move_test/Receiver/Folder_number_1', '\r\n')
2019-12-03 11:16:52,641:DEBUG:30.3145000935
2019-12-03 11:16:52,641:INFO:==== PyStager is done ====
2019-12-03 11:16:52,641:INFO:exit status : 0
